<?xml version="1.0" encoding="UTF-8"?>
<!-- Generated by org.testng.reporters.JUnitReportReporter -->
<testsuite hostname="asdf-PC" failures="0" tests="1" name="automationtests.SeleniumTest1" time="52.359" errors="0" timestamp="2023-08-20T19:57:19 IST" skipped="0">
  <testcase classname="automationtests.SeleniumTest1" name="m1" time="52.359"/>
</testsuite> <!-- automationtests.SeleniumTest1 -->
